[02:35:15] [main/INFO]: Loading Minecraft 1.21.1 with Fabric Loader 0.18.2
[02:35:15] [main/INFO]: Fabric is preparing JARs on first launch, this may take a few seconds...
[02:35:16] [main/INFO]: Loading 4 mods:
	- fabricloader 0.18.2
	   \-- mixinextras 0.5.0
	- java 21
	- minecraft 1.21.1
[02:35:16] [main/INFO]: SpongePowered MIXIN Subsystem Version=0.8.7 Source=file:/workspaces/Server-Cobblemon/servidor_minecraft/libraries/net/fabricmc/sponge-mixin/0.16.5+mixin.0.8.7/sponge-mixin-0.16.5+mixin.0.8.7.jar Service=Knot/Fabric Env=SERVER
[02:35:24] [main/INFO]: Environment: Environment[sessionHost=https://sessionserver.mojang.com, servicesHost=https://api.minecraftservices.com, name=PROD]
[02:35:25] [main/INFO]: No existing world data, creating new world
[02:35:26] [main/INFO]: Loaded 1290 recipes
[02:35:26] [main/INFO]: Loaded 1399 advancements
[02:35:27] [Server thread/INFO]: Starting minecraft server version 1.21.1
[02:35:27] [Server thread/INFO]: Loading properties
[02:35:27] [Server thread/INFO]: Default game type: SURVIVAL
[02:35:27] [Server thread/INFO]: Generating keypair
[02:35:27] [Server thread/INFO]: Starting Minecraft server on *:25565
[02:35:27] [Server thread/INFO]: Using epoll channel type
[02:35:27] [Server thread/WARN]: **** SERVER IS RUNNING IN OFFLINE/INSECURE MODE!
[02:35:27] [Server thread/WARN]: The server will make no attempt to authenticate usernames. Beware.
[02:35:27] [Server thread/WARN]: While this makes the game possible to play without internet access, it also opens up the ability for hackers to connect with any username they choose.
[02:35:27] [Server thread/WARN]: To change this, set "online-mode" to "true" in the server.properties file.
[02:35:27] [Server thread/INFO]: Preparing level "world"
[02:35:41] [Server thread/INFO]: Preparing start region for dimension minecraft:overworld
[02:35:42] [Worker-Main-1/INFO]: Preparing spawn area: 2%
[02:35:43] [Worker-Main-1/INFO]: Preparing spawn area: 2%
[02:35:43] [Worker-Main-1/INFO]: Preparing spawn area: 2%
[02:35:43] [Worker-Main-1/INFO]: Preparing spawn area: 2%
[02:35:44] [Worker-Main-1/INFO]: Preparing spawn area: 2%
[02:35:44] [Worker-Main-1/INFO]: Preparing spawn area: 2%
[02:35:44] [Worker-Main-1/INFO]: Preparing spawn area: 2%
[02:35:45] [Worker-Main-1/INFO]: Preparing spawn area: 2%
[02:35:46] [Worker-Main-1/INFO]: Preparing spawn area: 2%
[02:35:46] [Worker-Main-1/INFO]: Preparing spawn area: 2%
[02:35:46] [Worker-Main-1/INFO]: Preparing spawn area: 2%
[02:35:47] [Worker-Main-1/INFO]: Preparing spawn area: 2%
[02:35:47] [Worker-Main-1/INFO]: Preparing spawn area: 2%
[02:35:48] [Worker-Main-1/INFO]: Preparing spawn area: 2%
[02:35:48] [Worker-Main-1/INFO]: Preparing spawn area: 2%
[02:35:49] [Worker-Main-1/INFO]: Preparing spawn area: 2%
[02:35:50] [Worker-Main-1/INFO]: Preparing spawn area: 2%
[02:35:50] [Worker-Main-1/INFO]: Preparing spawn area: 2%
[02:35:50] [Worker-Main-1/INFO]: Preparing spawn area: 2%
[02:35:51] [Worker-Main-1/INFO]: Preparing spawn area: 2%
[02:35:52] [Worker-Main-1/INFO]: Preparing spawn area: 59%
[02:35:52] [Server thread/INFO]: Time elapsed: 10271 ms
[02:35:52] [Server thread/INFO]: Done (24.659s)! For help, type "help"
[02:37:09] [Server thread/INFO]: Jxxnfx[/100.76.253.76:52362] logged in with entity id 61 at (-9.5, 68.0, -3.5)
[02:37:09] [Server thread/INFO]: Jxxnfx joined the game
[02:44:22] [Server thread/INFO]: Made Jxxnfx a server operator
[02:45:17] [Server thread/INFO]: SebitasMor[/100.85.246.11:61252] logged in with entity id 1768 at (-9.5, 72.0, 4.5)
[02:45:17] [Server thread/INFO]: SebitasMor joined the game
[02:45:18] [Server thread/WARN]: Mismatch in destroy block pos: class_2338{x=0, y=0, z=0} class_2338{x=-10, y=72, z=6}
[02:45:18] [Server thread/WARN]: Mismatch in destroy block pos: class_2338{x=0, y=0, z=0} class_2338{x=-10, y=72, z=6}
[02:45:18] [Server thread/WARN]: Mismatch in destroy block pos: class_2338{x=0, y=0, z=0} class_2338{x=-10, y=72, z=5}
[02:45:23] [Server thread/WARN]: Mismatch in destroy block pos: class_2338{x=0, y=0, z=0} class_2338{x=9, y=70, z=-3}
[02:45:25] [Server thread/WARN]: Mismatch in destroy block pos: class_2338{x=0, y=0, z=0} class_2338{x=11, y=73, z=-9}
[02:45:30] [Server thread/INFO]: [Jxxnfx: Teleported Jxxnfx to SebitasMor]
[02:45:46] [Server thread/INFO]: [Jxxnfx: Set own game mode to Creative Mode]
[02:45:56] [Server thread/INFO]: [Jxxnfx: Set own game mode to Survival Mode]
[02:46:05] [Server thread/WARN]: Mismatch in destroy block pos: class_2338{x=0, y=0, z=0} class_2338{x=-8, y=72, z=8}
[02:46:14] [Server thread/WARN]: Mismatch in destroy block pos: class_2338{x=0, y=0, z=0} class_2338{x=-9, y=72, z=8}
[02:46:38] [Server thread/WARN]: Mismatch in destroy block pos: class_2338{x=0, y=0, z=0} class_2338{x=-10, y=71, z=1}
[02:46:45] [Server thread/INFO]: zirrocis27[/100.88.31.124:59840] logged in with entity id 2035 at (7.5, 75.0, 2.5)
[02:46:45] [Server thread/INFO]: zirrocis27 joined the game
[02:46:48] [Server thread/WARN]: Mismatch in destroy block pos: class_2338{x=0, y=0, z=0} class_2338{x=5, y=76, z=3}
[02:46:48] [Server thread/WARN]: Mismatch in destroy block pos: class_2338{x=0, y=0, z=0} class_2338{x=5, y=76, z=3}
[02:46:50] [Server thread/WARN]: Mismatch in destroy block pos: class_2338{x=0, y=0, z=0} class_2338{x=-2, y=70, z=3}
[02:46:54] [Server thread/WARN]: Mismatch in destroy block pos: class_2338{x=0, y=0, z=0} class_2338{x=-6, y=70, z=-1}
[02:46:55] [Server thread/WARN]: Mismatch in destroy block pos: class_2338{x=0, y=0, z=0} class_2338{x=-8, y=71, z=1}
[02:46:55] [Server thread/WARN]: Mismatch in destroy block pos: class_2338{x=0, y=0, z=0} class_2338{x=-7, y=71, z=1}
[02:46:55] [Server thread/WARN]: Mismatch in destroy block pos: class_2338{x=0, y=0, z=0} class_2338{x=-5, y=72, z=0}
[02:46:55] [Server thread/WARN]: Mismatch in destroy block pos: class_2338{x=0, y=0, z=0} class_2338{x=-6, y=72, z=0}
[02:46:57] [Server thread/WARN]: Mismatch in destroy block pos: class_2338{x=0, y=0, z=0} class_2338{x=-5, y=72, z=9}
[02:46:57] [Server thread/WARN]: Mismatch in destroy block pos: class_2338{x=0, y=0, z=0} class_2338{x=-6, y=70, z=1}
[02:46:59] [Server thread/WARN]: Mismatch in destroy block pos: class_2338{x=0, y=0, z=0} class_2338{x=-10, y=72, z=6}
[02:46:59] [Server thread/WARN]: Mismatch in destroy block pos: class_2338{x=0, y=0, z=0} class_2338{x=-11, y=72, z=3}
[02:46:59] [Server thread/WARN]: Mismatch in destroy block pos: class_2338{x=0, y=0, z=0} class_2338{x=-11, y=72, z=3}
[02:47:00] [Server thread/WARN]: Mismatch in destroy block pos: class_2338{x=0, y=0, z=0} class_2338{x=-5, y=71, z=5}
[02:47:07] [Server thread/INFO]: Jxxnfx lost connection: Disconnected
[02:47:07] [Server thread/INFO]: Jxxnfx left the game
[02:47:09] [Server thread/INFO]: SebitasMor lost connection: Disconnected
[02:47:09] [Server thread/INFO]: SebitasMor left the game
[02:47:15] [Server thread/INFO]: zirrocis27 lost connection: Disconnected
[02:47:15] [Server thread/INFO]: zirrocis27 left the game
